<?xml version="1.0" encoding="UTF-8"?>
<!-- Generated by org.testng.reporters.JUnitReportReporter -->
<testsuite skipped="0" hostname="Shivam" name="firsttestngpackage.ThirdTestNGClass" tests="2" failures="0" timestamp="2019-12-28T11:55:42 IST" time="18.311" errors="0">
  <testcase name="support" time="13.746" classname="firsttestngpackage.ThirdTestNGClass"/>
  <testcase name="register" time="4.565" classname="firsttestngpackage.ThirdTestNGClass"/>
</testsuite> <!-- firsttestngpackage.ThirdTestNGClass -->
