<?xml version="1.0" encoding="UTF-8"?>
<!-- Generated by org.testng.reporters.JUnitReportReporter -->
<testsuite skipped="0" hostname="Shivam" name="firsttestngpackage.TestNGTest" tests="2" failures="0" timestamp="2019-12-28T12:48:13 IST" time="7.409" errors="0">
  <testcase name="SupportTab" time="4.377" classname="firsttestngpackage.TestNGTest"/>
  <testcase name="RegisterTab" time="3.032" classname="firsttestngpackage.TestNGTest"/>
</testsuite> <!-- firsttestngpackage.TestNGTest -->
