<?xml version="1.0" encoding="UTF-8"?>
<!-- Generated by org.testng.reporters.JUnitReportReporter -->
<testsuite skipped="0" hostname="Shivam" name="firsttestngpackage.FirstTestNGFile" tests="1" failures="0" timestamp="2019-12-16T20:13:52 IST" time="30.315" errors="0">
  <testcase name="verifyHomepageTitle" time="30.315" classname="firsttestngpackage.FirstTestNGFile"/>
</testsuite> <!-- firsttestngpackage.FirstTestNGFile -->
