<?xml version="1.0" encoding="UTF-8"?>
<!-- Generated by org.testng.reporters.JUnitReportReporter -->
<testsuite skipped="0" hostname="Shivam" name="firsttestngpackage.ThirdTestNGFile" tests="2" failures="0" timestamp="2019-12-28T12:41:48 IST" time="10.037" errors="0">
  <testcase name="support" time="6.159" classname="firsttestngpackage.ThirdTestNGFile"/>
  <testcase name="register" time="3.878" classname="firsttestngpackage.ThirdTestNGFile"/>
</testsuite> <!-- firsttestngpackage.ThirdTestNGFile -->
